[ui] 2013-03-26T02:08:54.064Z - info: http://localhost:3000
[ui] 2013-03-26T02:09:28.895Z - info: http://localhost:3000
[ui] 2013-03-26T02:09:38.000Z - info: http://localhost:3000
[ui] 2013-03-26T02:09:48.958Z - info: http://localhost:3000
[ui] 2013-03-26T02:39:46.949Z - info: http://localhost:3000
[ui] 2013-03-26T02:49:45.436Z - info: http://localhost:3000
[ui] 2013-03-26T02:49:45.536Z - error: Error: Cannot find module './home'
    at Function.Module._resolveFilename (module.js:338:15)
    at Function.Module._load (module.js:280:25)
    at Module.require (module.js:362:17)
    at require (module.js:378:17)
    at Function.<anonymous> (/Library/WebServer/Documents/dirtyhooligans/giantsga.me/app/ui/controllers/index.js:44:22)
    at Function.app.configure (/Library/WebServer/Documents/dirtyhooligans/giantsga.me/node_modules/express/lib/application.js:396:61)
    at Object.<anonymous> (/Library/WebServer/Documents/dirtyhooligans/giantsga.me/app/ui/controllers/index.js:19:5)
    at Module._compile (module.js:449:26)
    at Object.Module._extensions..js (module.js:467:10)
    at Object..js (/Library/WebServer/Documents/dirtyhooligans/giantsga.me/node_modules/node-dev/wrapper.js:142:15)
[ui] 2013-03-26T02:49:54.554Z - info: http://localhost:3000
[ui] 2013-03-26T02:50:05.158Z - info: http://localhost:3000
[ui] 2013-03-26T02:50:05.261Z - error: Error: Cannot find module './home'
    at Function.Module._resolveFilename (module.js:338:15)
    at Function.Module._load (module.js:280:25)
    at Module.require (module.js:362:17)
    at require (module.js:378:17)
    at Function.<anonymous> (/Library/WebServer/Documents/dirtyhooligans/giantsga.me/app/ui/controllers/index.js:45:22)
    at Function.app.configure (/Library/WebServer/Documents/dirtyhooligans/giantsga.me/node_modules/express/lib/application.js:396:61)
    at Object.<anonymous> (/Library/WebServer/Documents/dirtyhooligans/giantsga.me/app/ui/controllers/index.js:19:5)
    at Module._compile (module.js:449:26)
    at Object.Module._extensions..js (module.js:467:10)
    at Object..js (/Library/WebServer/Documents/dirtyhooligans/giantsga.me/node_modules/node-dev/wrapper.js:142:15)
[ui] 2013-03-26T02:50:12.260Z - info: http://localhost:3000
[ui] 2013-03-26T02:50:12.361Z - error: Error: Cannot find module './home'
    at Function.Module._resolveFilename (module.js:338:15)
    at Function.Module._load (module.js:280:25)
    at Module.require (module.js:362:17)
    at require (module.js:378:17)
    at Function.<anonymous> (/Library/WebServer/Documents/dirtyhooligans/giantsga.me/app/ui/controllers/index.js:45:23)
    at Function.app.configure (/Library/WebServer/Documents/dirtyhooligans/giantsga.me/node_modules/express/lib/application.js:396:61)
    at Object.<anonymous> (/Library/WebServer/Documents/dirtyhooligans/giantsga.me/app/ui/controllers/index.js:19:5)
    at Module._compile (module.js:449:26)
    at Object.Module._extensions..js (module.js:467:10)
    at Object..js (/Library/WebServer/Documents/dirtyhooligans/giantsga.me/node_modules/node-dev/wrapper.js:142:15)
[ui] 2013-03-26T02:50:34.884Z - info: http://localhost:3000
[ui] 2013-03-26T02:50:34.987Z - error: Error: Cannot find module './gamebyday'
    at Function.Module._resolveFilename (module.js:338:15)
    at Function.Module._load (module.js:280:25)
    at Module.require (module.js:362:17)
    at require (module.js:378:17)
    at Function.<anonymous> (/Library/WebServer/Documents/dirtyhooligans/giantsga.me/app/ui/controllers/index.js:45:23)
    at Function.app.configure (/Library/WebServer/Documents/dirtyhooligans/giantsga.me/node_modules/express/lib/application.js:396:61)
    at Object.<anonymous> (/Library/WebServer/Documents/dirtyhooligans/giantsga.me/app/ui/controllers/index.js:19:5)
    at Module._compile (module.js:449:26)
    at Object.Module._extensions..js (module.js:467:10)
    at Object..js (/Library/WebServer/Documents/dirtyhooligans/giantsga.me/node_modules/node-dev/wrapper.js:142:15)
[ui] 2013-03-26T02:53:18.841Z - info: http://localhost:3000
[ui] 2013-03-26T03:38:04.029Z - info: http://localhost:3000
[ui] 2013-03-26T03:38:04.163Z - error: Error: Cannot find module '../../lib/schedule'
    at Function.Module._resolveFilename (module.js:338:15)
    at Function.Module._load (module.js:280:25)
    at Module.require (module.js:362:17)
    at require (module.js:378:17)
    at Object.<anonymous> (/Library/WebServer/Documents/dirtyhooligans/giantsga.me/app/ui/controllers/gamebyday.js:8:18)
    at Module._compile (module.js:449:26)
    at Object.Module._extensions..js (module.js:467:10)
    at Object..js (/Library/WebServer/Documents/dirtyhooligans/giantsga.me/node_modules/node-dev/wrapper.js:142:15)
    at Module.load (module.js:356:32)
    at Function.Module._load (module.js:312:12)
[ui] 2013-03-26T03:41:15.995Z - info: http://localhost:3000
[ui] 2013-03-26T03:41:35.692Z - info: http://localhost:3000
[ui] 2013-03-26T03:41:36.171Z - error: ReferenceError: query is not defined
[ui] 2013-03-26T03:42:21.266Z - error: ReferenceError: query is not defined
[ui] 2013-03-26T03:42:43.314Z - info: http://localhost:3000
[ui] 2013-03-26T03:42:44.550Z - info: searching for: today
[ui] 2013-03-26T03:43:08.662Z - info: searching for: today
[ui] 2013-03-26T03:44:07.620Z - info: http://localhost:3000
[ui] 2013-03-26T03:44:16.727Z - info: http://localhost:3000
[ui] 2013-03-26T03:44:32.353Z - info: http://localhost:3000
[ui] 2013-03-26T03:44:35.868Z - info: searching for: today
[ui] 2013-03-26T03:44:35.871Z - error: ReferenceError: query is not defined
[ui] 2013-03-26T03:44:49.039Z - info: http://localhost:3000
[ui] 2013-03-26T03:44:59.660Z - info: searching for: today
[ui] 2013-03-26T03:44:59.662Z - error: ReferenceError: data is not defined
[ui] 2013-03-26T03:45:13.378Z - info: http://localhost:3000
[ui] 2013-03-26T03:45:13.527Z - info: searching for: today
[ui] 2013-03-26T03:45:31.047Z - info: http://localhost:3000
[ui] 2013-03-26T03:45:32.690Z - info: searching for: today
[ui] 2013-03-26T03:45:32.703Z - error: ReferenceError: query is not defined
    at app.get.schedule.getByDay.response.json.query (/Library/WebServer/Documents/dirtyhooligans/giantsga.me/app/ui/controllers/gamebyday.js:46:33)
    at module.exports.getTemplate (/Library/WebServer/Documents/dirtyhooligans/giantsga.me/app/ui/controllers/templates.js:30:17)
    at fs.readFile (fs.js:176:14)
    at Object.oncomplete (fs.js:297:15)
[ui] 2013-03-26T03:45:47.727Z - info: http://localhost:3000
[ui] 2013-03-26T03:45:49.258Z - info: searching for: today
[ui] 2013-03-26T03:46:10.089Z - info: searching for: today
[ui] 2013-03-26T03:47:24.471Z - info: searching for: today
[ui] 2013-03-26T03:47:29.527Z - info: searching for: today
[ui] 2013-03-26T03:47:34.684Z - info: searching for: today
[ui] 2013-03-26T03:50:11.821Z - info: http://localhost:3000
[ui] 2013-03-26T03:50:14.837Z - info: searching for: today
[ui] 2013-03-26T03:51:03.397Z - info: searching for: today
[ui] 2013-03-26T03:51:10.778Z - info: searching for: today
[ui] 2013-03-26T03:52:11.970Z - info: searching for: today
[ui] 2013-03-26T03:53:15.656Z - info: searching for: today
[ui] 2013-03-26T03:53:17.849Z - info: searching for: today
[ui] 2013-03-26T03:53:34.348Z - info: searching for: today
[ui] 2013-03-26T03:53:35.986Z - info: searching for: today
[ui] 2013-03-26T03:54:33.988Z - info: searching for: today
[ui] 2013-03-26T03:54:47.342Z - info: searching for: today
[ui] 2013-03-26T03:55:08.025Z - info: searching for: today
[ui] 2013-03-26T03:55:15.170Z - info: searching for: today
[ui] 2013-03-26T03:55:21.354Z - info: searching for: today
[ui] 2013-03-26T03:55:25.343Z - info: searching for: today
[ui] 2013-03-26T03:55:51.468Z - info: searching for: today
[ui] 2013-03-26T03:55:58.751Z - info: searching for: today
[ui] 2013-03-26T03:56:09.779Z - info: searching for: today
[ui] 2013-03-26T03:56:37.709Z - info: searching for: today
[ui] 2013-03-26T03:56:56.688Z - info: searching for: today
[ui] 2013-03-26T03:57:01.463Z - info: searching for: today
[ui] 2013-03-26T03:57:24.000Z - info: searching for: today
[ui] 2013-03-26T03:57:34.602Z - info: searching for: today
[ui] 2013-03-26T03:57:46.162Z - info: searching for: today
[ui] 2013-03-26T03:57:58.806Z - info: searching for: today
[ui] 2013-03-26T03:58:21.514Z - info: searching for: today
[ui] 2013-03-26T04:18:18.675Z - info: http://localhost:3000
[ui] 2013-03-26T04:18:18.798Z - error: SyntaxError: Unexpected token ;
    at Module._compile (module.js:437:25)
    at Object.Module._extensions..js (module.js:467:10)
    at Object..js (/Library/WebServer/Documents/dirtyhooligans/giantsga.me/node_modules/node-dev/wrapper.js:142:15)
    at Module.load (module.js:356:32)
    at Function.Module._load (module.js:312:12)
    at Module.require (module.js:362:17)
    at require (module.js:378:17)
    at Object.<anonymous> (/Library/WebServer/Documents/dirtyhooligans/giantsga.me/app/ui/controllers/gamebyday.js:8:18)
    at Module._compile (module.js:449:26)
    at Object.Module._extensions..js (module.js:467:10)
[ui] 2013-03-26T04:18:38.343Z - info: http://localhost:3000
[ui] 2013-03-26T04:18:40.219Z - info: searching for: today
[ui] 2013-03-26T04:18:40.229Z - error: ReferenceError: http is not defined
    at null.<anonymous> (/Library/WebServer/Documents/dirtyhooligans/giantsga.me/app/lib/schedule.js:10:9)
    at EventEmitter.emit (events.js:96:17)
    at WriteStream.flush (fs.js:1522:12)
    at Object.oncomplete (fs.js:297:15)
[ui] 2013-03-26T04:18:57.548Z - info: http://localhost:3000
[ui] 2013-03-26T04:18:59.706Z - info: searching for: today
[ui] 2013-03-26T04:18:59.717Z - error: TypeError: Cannot read property 'protocol' of undefined
    at Object.exports.request (http.js:1710:14)
    at null.<anonymous> (/Library/WebServer/Documents/dirtyhooligans/giantsga.me/app/lib/schedule.js:11:14)
    at EventEmitter.emit (events.js:96:17)
    at WriteStream.flush (fs.js:1522:12)
    at Object.oncomplete (fs.js:297:15)
[ui] 2013-03-26T04:19:37.328Z - info: http://localhost:3000
[ui] 2013-03-26T04:19:41.443Z - info: searching for: today
[ui] 2013-03-26T04:20:39.968Z - info: searching for: today
[ui] 2013-03-26T04:20:39.982Z - error: ReferenceError: /Library/WebServer/Documents/dirtyhooligans/giantsga.me/app/ui/controllers/../../ui/views/home.jade:10
    8|             .span6(align="center") 
    9|                 h3.well Today
  > 10|                 div #{data.schedule}
    11|             .span3(align="center") 
    12|                 h4.well Tomorrow

data is not defined
    at eval (eval at <anonymous> (/Library/WebServer/Documents/dirtyhooligans/giantsga.me/node_modules/jade/lib/jade.js:176:8))
    at exports.compile (/Library/WebServer/Documents/dirtyhooligans/giantsga.me/node_modules/jade/lib/jade.js:181:12)
    at module.exports.getTemplate (/Library/WebServer/Documents/dirtyhooligans/giantsga.me/app/ui/controllers/templates.js:30:31)
    at fs.readFile (fs.js:176:14)
    at Object.oncomplete (fs.js:297:15)
[ui] 2013-03-26T04:21:05.029Z - info: searching for: today
[ui] 2013-03-26T04:21:05.039Z - error: ReferenceError: /Library/WebServer/Documents/dirtyhooligans/giantsga.me/app/ui/controllers/../../ui/views/home.jade:10
    8|             .span6(align="center") 
    9|                 h3.well Today
  > 10|                 div #{data.schedule.ical}
    11|             .span3(align="center") 
    12|                 h4.well Tomorrow

data is not defined
    at eval (eval at <anonymous> (/Library/WebServer/Documents/dirtyhooligans/giantsga.me/node_modules/jade/lib/jade.js:176:8))
    at exports.compile (/Library/WebServer/Documents/dirtyhooligans/giantsga.me/node_modules/jade/lib/jade.js:181:12)
    at module.exports.getTemplate (/Library/WebServer/Documents/dirtyhooligans/giantsga.me/app/ui/controllers/templates.js:30:31)
    at fs.readFile (fs.js:176:14)
    at Object.oncomplete (fs.js:297:15)
[ui] 2013-03-26T04:21:13.540Z - info: searching for: today
[ui] 2013-03-26T04:21:13.553Z - error: ReferenceError: /Library/WebServer/Documents/dirtyhooligans/giantsga.me/app/ui/controllers/../../ui/views/home.jade:10
    8|             .span6(align="center") 
    9|                 h3.well Today
  > 10|                 div #{query.schedule.ical}
    11|             .span3(align="center") 
    12|                 h4.well Tomorrow

query is not defined
    at eval (eval at <anonymous> (/Library/WebServer/Documents/dirtyhooligans/giantsga.me/node_modules/jade/lib/jade.js:176:8))
    at exports.compile (/Library/WebServer/Documents/dirtyhooligans/giantsga.me/node_modules/jade/lib/jade.js:181:12)
    at module.exports.getTemplate (/Library/WebServer/Documents/dirtyhooligans/giantsga.me/app/ui/controllers/templates.js:30:31)
    at fs.readFile (fs.js:176:14)
    at Object.oncomplete (fs.js:297:15)
[ui] 2013-03-26T04:21:27.662Z - info: searching for: today
[ui] 2013-03-26T04:22:07.145Z - info: searching for: today
[ui] 2013-03-26T04:22:12.632Z - info: searching for: today
[ui] 2013-03-26T04:22:42.539Z - info: searching for: today
[ui] 2013-03-26T04:24:51.920Z - info: http://localhost:3000
[ui] 2013-03-26T04:25:31.650Z - info: http://localhost:3000
[ui] 2013-03-26T04:25:41.517Z - info: searching for: today
[ui] 2013-03-26T04:25:48.094Z - info: searching for: today
[ui] 2013-03-26T04:26:01.644Z - error: Error: socket hang up
    at createHangUpError (http.js:1360:15)
    at ServerResponse.OutgoingMessage._writeRaw (http.js:507:26)
    at ServerResponse.OutgoingMessage._send (http.js:476:15)
    at ServerResponse.OutgoingMessage.write (http.js:749:16)
    at ServerResponse.OutgoingMessage.end (http.js:882:16)
    at res.end (/Library/WebServer/Documents/dirtyhooligans/giantsga.me/node_modules/express/node_modules/connect/lib/middleware/session.js:282:13)
    at /Library/WebServer/Documents/dirtyhooligans/giantsga.me/node_modules/express/node_modules/connect/lib/middleware/session/memory.js:73:11
    at process.startup.processNextTick.process._tickCallback (node.js:244:9)
[ui] 2013-03-26T04:26:08.376Z - error: Error: ENOENT, no such file or directory '/Library/WebServer/Documents/dirtyhooligans/giantsga.me/app/lib/../tmp/temp.txt'
    at Object.fs.renameSync (fs.js:439:18)
    at IncomingMessage.<anonymous> (/Library/WebServer/Documents/dirtyhooligans/giantsga.me/app/lib/schedule.js:16:20)
    at IncomingMessage.EventEmitter.emit (events.js:126:20)
    at IncomingMessage._emitEnd (http.js:366:10)
    at HTTPParser.parserOnMessageComplete [as onMessageComplete] (http.js:149:23)
    at Socket.socketOnData [as ondata] (http.js:1472:20)
    at TCP.onread (net.js:404:27)
[ui] 2013-03-26T04:26:23.276Z - info: http://localhost:3000
[ui] 2013-03-26T04:26:26.279Z - info: searching for: today
[ui] 2013-03-26T04:27:14.463Z - info: http://localhost:3000
[ui] 2013-03-26T04:27:17.807Z - info: searching for: today
[ui] 2013-03-26T04:27:43.565Z - info: searching for: today
[ui] 2013-03-26T04:34:07.934Z - info: http://localhost:3000
[ui] 2013-03-26T04:34:08.062Z - error: Error: Cannot find module 'ical'
    at Function.Module._resolveFilename (module.js:338:15)
    at Function.Module._load (module.js:280:25)
    at Module.require (module.js:362:17)
    at require (module.js:378:17)
    at Object.<anonymous> (/Library/WebServer/Documents/dirtyhooligans/giantsga.me/app/lib/schedule.js:6:16)
    at Module._compile (module.js:449:26)
    at Object.Module._extensions..js (module.js:467:10)
    at Object..js (/Library/WebServer/Documents/dirtyhooligans/giantsga.me/node_modules/node-dev/wrapper.js:142:15)
    at Module.load (module.js:356:32)
    at Function.Module._load (module.js:312:12)
[ui] 2013-03-26T04:35:14.427Z - info: http://localhost:3000
[ui] 2013-03-26T04:35:48.072Z - info: http://localhost:3000
[ui] 2013-03-26T04:36:45.767Z - info: http://localhost:3000
[ui] 2013-03-26T04:36:47.863Z - info: http://localhost:3000
[ui] 2013-03-26T04:36:55.971Z - info: http://localhost:3000
[ui] 2013-03-26T04:37:27.629Z - info: http://localhost:3000
[ui] 2013-03-26T04:37:39.744Z - info: http://localhost:3000
[ui] 2013-03-26T04:37:56.786Z - info: searching for: today
[ui] 2013-03-26T04:37:57.559Z - error: ReferenceError: months is not defined
    at module.exports.getByDay (/Library/WebServer/Documents/dirtyhooligans/giantsga.me/app/lib/schedule.js:51:65)
    at Request.exports.fromURL [as _callback] (/Library/WebServer/Documents/dirtyhooligans/giantsga.me/node_modules/ical/node-ical.js:12:5)
    at Request.init.self.callback (/Library/WebServer/Documents/dirtyhooligans/giantsga.me/node_modules/ical/node_modules/request/index.js:142:22)
    at Request.EventEmitter.emit (events.js:99:17)
    at Request.onResponse (/Library/WebServer/Documents/dirtyhooligans/giantsga.me/node_modules/ical/node_modules/request/index.js:856:14)
    at Request.EventEmitter.emit (events.js:126:20)
    at IncomingMessage.Request.onResponse.buffer (/Library/WebServer/Documents/dirtyhooligans/giantsga.me/node_modules/ical/node_modules/request/index.js:808:12)
    at IncomingMessage.EventEmitter.emit (events.js:126:20)
    at IncomingMessage._emitEnd (http.js:366:10)
    at HTTPParser.parserOnMessageComplete [as onMessageComplete] (http.js:149:23)
[ui] 2013-03-26T04:38:35.396Z - info: searching for: today
[ui] 2013-03-26T04:38:35.642Z - info: searching for: today
[ui] 2013-03-26T04:38:36.109Z - error: ReferenceError: months is not defined
    at module.exports.getByDay (/Library/WebServer/Documents/dirtyhooligans/giantsga.me/app/lib/schedule.js:51:65)
    at Request.exports.fromURL [as _callback] (/Library/WebServer/Documents/dirtyhooligans/giantsga.me/node_modules/ical/node-ical.js:12:5)
    at Request.init.self.callback (/Library/WebServer/Documents/dirtyhooligans/giantsga.me/node_modules/ical/node_modules/request/index.js:142:22)
    at Request.EventEmitter.emit (events.js:99:17)
    at Request.onResponse (/Library/WebServer/Documents/dirtyhooligans/giantsga.me/node_modules/ical/node_modules/request/index.js:856:14)
    at Request.EventEmitter.emit (events.js:126:20)
    at IncomingMessage.Request.onResponse.buffer (/Library/WebServer/Documents/dirtyhooligans/giantsga.me/node_modules/ical/node_modules/request/index.js:808:12)
    at IncomingMessage.EventEmitter.emit (events.js:126:20)
    at IncomingMessage._emitEnd (http.js:366:10)
    at HTTPParser.parserOnMessageComplete [as onMessageComplete] (http.js:149:23)
[ui] 2013-03-26T04:38:36.125Z - error: ReferenceError: months is not defined
    at module.exports.getByDay (/Library/WebServer/Documents/dirtyhooligans/giantsga.me/app/lib/schedule.js:51:65)
    at Request.exports.fromURL [as _callback] (/Library/WebServer/Documents/dirtyhooligans/giantsga.me/node_modules/ical/node-ical.js:12:5)
    at Request.init.self.callback (/Library/WebServer/Documents/dirtyhooligans/giantsga.me/node_modules/ical/node_modules/request/index.js:142:22)
    at Request.EventEmitter.emit (events.js:99:17)
    at Request.onResponse (/Library/WebServer/Documents/dirtyhooligans/giantsga.me/node_modules/ical/node_modules/request/index.js:856:14)
    at Request.EventEmitter.emit (events.js:126:20)
    at IncomingMessage.Request.onResponse.buffer (/Library/WebServer/Documents/dirtyhooligans/giantsga.me/node_modules/ical/node_modules/request/index.js:808:12)
    at IncomingMessage.EventEmitter.emit (events.js:126:20)
    at IncomingMessage._emitEnd (http.js:366:10)
    at HTTPParser.parserOnMessageComplete [as onMessageComplete] (http.js:149:23)
[ui] 2013-03-26T04:40:35.642Z - info: searching for: today
[ui] 2013-03-26T04:40:35.891Z - error: ReferenceError: months is not defined
    at module.exports.getByDay (/Library/WebServer/Documents/dirtyhooligans/giantsga.me/app/lib/schedule.js:51:65)
    at Request.exports.fromURL [as _callback] (/Library/WebServer/Documents/dirtyhooligans/giantsga.me/node_modules/ical/node-ical.js:12:5)
    at Request.init.self.callback (/Library/WebServer/Documents/dirtyhooligans/giantsga.me/node_modules/ical/node_modules/request/index.js:142:22)
    at Request.EventEmitter.emit (events.js:99:17)
    at Request.onResponse (/Library/WebServer/Documents/dirtyhooligans/giantsga.me/node_modules/ical/node_modules/request/index.js:856:14)
    at Request.EventEmitter.emit (events.js:126:20)
    at IncomingMessage.Request.onResponse.buffer (/Library/WebServer/Documents/dirtyhooligans/giantsga.me/node_modules/ical/node_modules/request/index.js:808:12)
    at IncomingMessage.EventEmitter.emit (events.js:126:20)
    at IncomingMessage._emitEnd (http.js:366:10)
    at HTTPParser.parserOnMessageComplete [as onMessageComplete] (http.js:149:23)
[ui] 2013-03-26T04:40:40.330Z - info: http://localhost:3000
[ui] 2013-03-26T04:40:44.084Z - info: searching for: today
[ui] 2013-03-26T04:40:44.343Z - error: TypeError: Cannot call method 'getDate' of undefined
    at module.exports.getByDay (/Library/WebServer/Documents/dirtyhooligans/giantsga.me/app/lib/schedule.js:52:48)
    at Request.exports.fromURL [as _callback] (/Library/WebServer/Documents/dirtyhooligans/giantsga.me/node_modules/ical/node-ical.js:12:5)
    at Request.init.self.callback (/Library/WebServer/Documents/dirtyhooligans/giantsga.me/node_modules/ical/node_modules/request/index.js:142:22)
    at Request.EventEmitter.emit (events.js:99:17)
    at Request.onResponse (/Library/WebServer/Documents/dirtyhooligans/giantsga.me/node_modules/ical/node_modules/request/index.js:856:14)
    at Request.EventEmitter.emit (events.js:126:20)
    at IncomingMessage.Request.onResponse.buffer (/Library/WebServer/Documents/dirtyhooligans/giantsga.me/node_modules/ical/node_modules/request/index.js:808:12)
    at IncomingMessage.EventEmitter.emit (events.js:126:20)
    at IncomingMessage._emitEnd (http.js:366:10)
    at HTTPParser.parserOnMessageComplete [as onMessageComplete] (http.js:149:23)
[ui] 2013-03-26T04:41:37.059Z - info: http://localhost:3000
[ui] 2013-03-26T04:41:37.189Z - error: SyntaxError: Unexpected token }
    at Module._compile (module.js:437:25)
    at Object.Module._extensions..js (module.js:467:10)
    at Object..js (/Library/WebServer/Documents/dirtyhooligans/giantsga.me/node_modules/node-dev/wrapper.js:142:15)
    at Module.load (module.js:356:32)
    at Function.Module._load (module.js:312:12)
    at Module.require (module.js:362:17)
    at require (module.js:378:17)
    at Object.<anonymous> (/Library/WebServer/Documents/dirtyhooligans/giantsga.me/app/ui/controllers/gamebyday.js:8:18)
    at Module._compile (module.js:449:26)
    at Object.Module._extensions..js (module.js:467:10)
[ui] 2013-03-26T04:41:46.666Z - info: http://localhost:3000
[ui] 2013-03-26T04:41:52.767Z - info: http://localhost:3000
[ui] 2013-03-26T04:41:54.700Z - info: searching for: today
[ui] 2013-03-26T04:41:55.111Z - error: TypeError: Cannot call method 'getDate' of undefined
    at module.exports.getByDay (/Library/WebServer/Documents/dirtyhooligans/giantsga.me/app/lib/schedule.js:52:40)
    at Request.exports.fromURL [as _callback] (/Library/WebServer/Documents/dirtyhooligans/giantsga.me/node_modules/ical/node-ical.js:12:5)
    at Request.init.self.callback (/Library/WebServer/Documents/dirtyhooligans/giantsga.me/node_modules/ical/node_modules/request/index.js:142:22)
    at Request.EventEmitter.emit (events.js:99:17)
    at Request.onResponse (/Library/WebServer/Documents/dirtyhooligans/giantsga.me/node_modules/ical/node_modules/request/index.js:856:14)
    at Request.EventEmitter.emit (events.js:126:20)
    at IncomingMessage.Request.onResponse.buffer (/Library/WebServer/Documents/dirtyhooligans/giantsga.me/node_modules/ical/node_modules/request/index.js:808:12)
    at IncomingMessage.EventEmitter.emit (events.js:126:20)
    at IncomingMessage._emitEnd (http.js:366:10)
    at HTTPParser.parserOnMessageComplete [as onMessageComplete] (http.js:149:23)
[ui] 2013-03-26T04:42:16.952Z - info: http://localhost:3000
[ui] 2013-03-26T04:42:29.070Z - info: http://localhost:3000
[ui] 2013-03-26T04:42:31.392Z - info: searching for: today
[ui] 2013-03-26T04:52:09.292Z - info: http://localhost:3000
[ui] 2013-03-26T04:53:28.524Z - info: http://localhost:3000
[ui] 2013-03-26T04:53:33.630Z - info: http://localhost:3000
[ui] 2013-03-26T04:53:42.689Z - info: searching for: today
[ui] 2013-03-26T04:53:59.689Z - info: http://localhost:3000
[ui] 2013-03-26T04:54:00.815Z - info: searching for: today
[ui] 2013-03-26T04:54:09.414Z - info: http://localhost:3000
[ui] 2013-03-26T04:54:25.527Z - info: http://localhost:3000
[ui] 2013-03-26T04:54:29.624Z - info: http://localhost:3000
[ui] 2013-03-26T04:54:36.228Z - info: http://localhost:3000
[ui] 2013-03-26T04:54:42.445Z - info: searching for: today
[ui] 2013-03-26T04:56:08.564Z - info: http://localhost:3000
[ui] 2013-03-26T04:56:27.186Z - info: http://localhost:3000
[ui] 2013-03-26T04:56:37.299Z - info: http://localhost:3000
[ui] 2013-03-26T04:56:50.350Z - info: searching for: today
[ui] 2013-03-26T04:59:09.715Z - info: http://localhost:3000
[ui] 2013-03-26T04:59:18.297Z - info: http://localhost:3000
[ui] 2013-03-26T04:59:46.433Z - info: http://localhost:3000
[ui] 2013-03-26T05:00:05.064Z - info: http://localhost:3000
[ui] 2013-03-26T05:00:20.685Z - info: http://localhost:3000
[ui] 2013-03-26T05:01:22.076Z - info: searching for: today
[ui] 2013-03-26T05:05:29.371Z - info: http://localhost:3000
[ui] 2013-03-26T05:05:41.488Z - info: http://localhost:3000
[ui] 2013-03-26T05:07:08.772Z - info: http://localhost:3000
[ui] 2013-03-26T05:07:50.443Z - info: http://localhost:3000
[ui] 2013-03-26T05:07:50.573Z - error: SyntaxError: Invalid regular expression: missing /
    at Module._compile (module.js:437:25)
    at Object.Module._extensions..js (module.js:467:10)
    at Object..js (/Library/WebServer/Documents/dirtyhooligans/giantsga.me/node_modules/node-dev/wrapper.js:142:15)
    at Module.load (module.js:356:32)
    at Function.Module._load (module.js:312:12)
    at Module.require (module.js:362:17)
    at require (module.js:378:17)
    at Object.<anonymous> (/Library/WebServer/Documents/dirtyhooligans/giantsga.me/app/ui/controllers/gamebyday.js:8:18)
    at Module._compile (module.js:449:26)
    at Object.Module._extensions..js (module.js:467:10)
[ui] 2013-03-26T05:07:51.037Z - info: http://localhost:3000
[ui] 2013-03-26T05:07:59.141Z - info: http://localhost:3000
[ui] 2013-03-26T05:08:05.234Z - info: http://localhost:3000
[ui] 2013-03-26T05:08:10.328Z - info: http://localhost:3000
[ui] 2013-03-26T05:15:34.671Z - info: http://localhost:3000
[ui] 2013-03-26T05:16:47.888Z - info: http://localhost:3000
[ui] 2013-03-26T05:16:55.489Z - info: http://localhost:3000
[ui] 2013-03-26T05:17:13.618Z - info: http://localhost:3000
[ui] 2013-03-26T05:17:20.236Z - info: http://localhost:3000
[ui] 2013-03-26T05:17:24.325Z - info: http://localhost:3000
[ui] 2013-03-26T05:17:27.923Z - info: http://localhost:3000
[ui] 2013-03-26T05:19:10.727Z - info: http://localhost:3000
[ui] 2013-03-26T05:19:40.373Z - info: http://localhost:3000
[ui] 2013-03-26T05:20:52.588Z - info: http://localhost:3000
[ui] 2013-03-26T05:21:24.747Z - info: http://localhost:3000
[ui] 2013-03-26T05:21:28.838Z - info: http://localhost:3000
[ui] 2013-03-26T05:22:20.523Z - info: http://localhost:3000
[ui] 2013-03-26T05:22:33.638Z - info: http://localhost:3000
[ui] 2013-03-26T05:22:57.772Z - info: http://localhost:3000
[ui] 2013-03-26T05:23:00.871Z - info: http://localhost:3000
[ui] 2013-03-26T05:23:04.969Z - info: http://localhost:3000
[ui] 2013-03-26T05:23:20.508Z - info: searching for: today
[ui] 2013-03-26T05:24:37.291Z - info: http://localhost:3000
[ui] 2013-03-26T05:25:23.970Z - info: http://localhost:3000
[ui] 2013-03-26T05:25:37.089Z - info: http://localhost:3000
[ui] 2013-03-26T05:25:38.696Z - info: searching for: today
[ui] 2013-03-26T05:26:21.775Z - info: http://localhost:3000
[ui] 2013-03-26T05:26:43.953Z - info: http://localhost:3000
[ui] 2013-03-26T05:26:45.303Z - info: searching for: today
[ui] 2013-03-26T05:26:48.426Z - info: searching for: today
[ui] 2013-03-26T05:27:11.553Z - info: http://localhost:3000
[ui] 2013-03-26T05:27:22.674Z - info: http://localhost:3000
[ui] 2013-03-26T05:27:33.767Z - info: http://localhost:3000
[ui] 2013-03-26T05:29:08.894Z - info: searching for: today
[ui] 2013-03-26T05:29:10.454Z - info: searching for: today
[ui] 2013-03-26T05:29:11.943Z - info: searching for: today
[ui] 2013-03-26T05:30:57.895Z - info: http://localhost:3000
[ui] 2013-03-26T05:31:06.494Z - info: http://localhost:3000
[ui] 2013-03-26T05:31:13.672Z - info: searching for: today
[ui] 2013-03-26T05:32:16.324Z - info: http://localhost:3000
[ui] 2013-03-26T05:34:31.060Z - info: searching for: today
[ui] 2013-03-26T05:37:47.729Z - info: searching for: today
[ui] 2013-03-26T05:38:11.407Z - info: searching for: today
[ui] 2013-03-26T05:38:22.095Z - info: searching for: today
[ui] 2013-03-26T05:40:04.191Z - info: searching for: today
[ui] 2013-03-26T05:40:20.461Z - info: searching for: today
[ui] 2013-03-26T05:40:26.546Z - info: searching for: today
[ui] 2013-03-26T05:40:40.712Z - info: searching for: today
[ui] 2013-03-26T05:41:04.262Z - info: searching for: today
[ui] 2013-03-26T05:41:58.246Z - info: searching for: today
[ui] 2013-03-26T05:42:29.019Z - info: searching for: today
[ui] 2013-03-26T05:42:37.078Z - info: searching for: today
[ui] 2013-03-26T05:43:22.000Z - info: searching for: today
[ui] 2013-03-26T05:43:49.156Z - info: searching for: today
[ui] 2013-03-26T05:44:31.480Z - info: searching for: today
